<?xml version="1.0" encoding="UTF-8"?>
<testsuite name="com.telRan.addressbok.tests.GroupModificationTests" tests="1" skipped="0" failures="0" errors="0" timestamp="2018-10-31T12:51:18" hostname="vova" time="3.448">
  <properties/>
  <testcase name="testGroupModification" classname="com.telRan.addressbok.tests.GroupModificationTests" time="3.448"/>
  <system-out><![CDATA[]]></system-out>
  <system-err><![CDATA[]]></system-err>
</testsuite>
