<?xml version="1.0" encoding="UTF-8"?>
<testsuite name="com.telRan.addressbok.tests.GroupDeletionTests" tests="1" skipped="0" failures="0" errors="0" timestamp="2018-11-11T19:10:06" hostname="vova" time="1.69">
  <properties/>
  <testcase name="testGroupDeletion" classname="com.telRan.addressbok.tests.GroupDeletionTests" time="1.69"/>
  <system-out><![CDATA[]]></system-out>
  <system-err><![CDATA[1541963405753	Marionette	DEBUG	[6442450945] Received DOM event beforeunload for http://localhost/addressbook/group.php
1541963405867	Marionette	DEBUG	[6442450945] Received DOM event pagehide for http://localhost/addressbook/group.php
1541963405868	Marionette	DEBUG	[6442450945] Received DOM event unload for http://localhost/addressbook/group.php
1541963405921	Marionette	DEBUG	[6442450945] Received DOM event DOMContentLoaded for http://localhost/addressbook/group.php
1541963406081	Marionette	DEBUG	[6442450945] Received DOM event pageshow for http://localhost/addressbook/group.php
1541963406200	Marionette	DEBUG	[6442450945] Received DOM event beforeunload for http://localhost/addressbook/group.php
1541963406299	Marionette	DEBUG	[6442450945] Received DOM event pagehide for http://localhost/addressbook/group.php
1541963406300	Marionette	DEBUG	[6442450945] Received DOM event unload for http://localhost/addressbook/group.php
1541963406344	Marionette	DEBUG	[6442450945] Received DOM event DOMContentLoaded for http://localhost/addressbook/group.php
1541963406469	Marionette	DEBUG	[6442450945] Received DOM event pageshow for http://localhost/addressbook/group.php
1541963406835	Marionette	DEBUG	[6442450945] Canceled page load listener because no navigation has been detected
1541963406893	Marionette	DEBUG	[6442450945] Received DOM event beforeunload for http://localhost/addressbook/group.php
1541963407085	Marionette	DEBUG	[6442450945] Received DOM event pagehide for http://localhost/addressbook/group.php
1541963407091	Marionette	DEBUG	[6442450945] Received DOM event unload for http://localhost/addressbook/group.php
1541963407179	Marionette	DEBUG	[6442450945] Received DOM event DOMContentLoaded for http://localhost/addressbook/group.php
1541963407314	Marionette	DEBUG	[6442450945] Received DOM event pageshow for http://localhost/addressbook/group.php
1541963407385	Marionette	DEBUG	[6442450945] Received DOM event beforeunload for http://localhost/addressbook/group.php
1541963407530	Marionette	DEBUG	[6442450945] Received DOM event pagehide for http://localhost/addressbook/group.php
1541963407531	Marionette	DEBUG	[6442450945] Received DOM event unload for http://localhost/addressbook/group.php
1541963407612	Marionette	DEBUG	[6442450945] Received DOM event DOMContentLoaded for http://localhost/addressbook/group.php
1541963407784	Marionette	DEBUG	[6442450945] Received DOM event pageshow for http://localhost/addressbook/group.php
]]></system-err>
</testsuite>
