<?xml version="1.0" encoding="UTF-8"?>
<testsuite name="com.telRan.addressbok.tests.GroupCretionTests" tests="1" skipped="0" failures="0" errors="0" timestamp="2018-11-11T18:52:41" hostname="vova" time="4.74">
  <properties/>
  <testcase name="testGroupCretion" classname="com.telRan.addressbok.tests.GroupCretionTests" time="4.74"/>
  <system-out><![CDATA[]]></system-out>
  <system-err><![CDATA[]]></system-err>
</testsuite>
