<?xml version="1.0" encoding="UTF-8"?>
<testsuite name="com.telRan.addressbok.tests.ContactModificationTests" tests="1" skipped="0" failures="0" errors="0" timestamp="2018-11-11T19:10:14" hostname="vova" time="4.303">
  <properties/>
  <testcase name="testContactModification" classname="com.telRan.addressbok.tests.ContactModificationTests" time="4.303"/>
  <system-out><![CDATA[]]></system-out>
  <system-err><![CDATA[1541963415243	Marionette	DEBUG	[6442450945] Canceled page load listener because no navigation has been detected
1541963415300	Marionette	DEBUG	[6442450945] Received DOM event beforeunload for http://localhost/addressbook/
1541963415433	Marionette	DEBUG	[6442450945] Received DOM event pagehide for http://localhost/addressbook/
1541963415435	Marionette	DEBUG	[6442450945] Received DOM event unload for http://localhost/addressbook/
1541963415553	Marionette	DEBUG	[6442450945] Received DOM event DOMContentLoaded for http://localhost/addressbook/edit.php?id=16
1541963415720	Marionette	DEBUG	[6442450945] Received DOM event pageshow for http://localhost/addressbook/edit.php?id=16
1541963416036	Marionette	DEBUG	[6442450945] Canceled page load listener because no navigation has been detected
1541963416401	Marionette	DEBUG	[6442450945] Canceled page load listener because no navigation has been detected
1541963417066	Marionette	DEBUG	[6442450945] Canceled page load listener because no navigation has been detected
1541963417877	Marionette	DEBUG	[6442450945] Canceled page load listener because no navigation has been detected
1541963418528	Marionette	DEBUG	[6442450945] Canceled page load listener because no navigation has been detected
1541963418706	Marionette	DEBUG	[6442450945] Received DOM event beforeunload for http://localhost/addressbook/edit.php?id=16
1541963418894	Marionette	DEBUG	[6442450945] Received DOM event pagehide for http://localhost/addressbook/edit.php?id=16
1541963418895	Marionette	DEBUG	[6442450945] Received DOM event unload for http://localhost/addressbook/edit.php?id=16
1541963418965	Marionette	DEBUG	[6442450945] Received DOM event DOMContentLoaded for http://localhost/addressbook/edit.php
1541963419168	Marionette	DEBUG	[6442450945] Received DOM event pageshow for http://localhost/addressbook/edit.php
]]></system-err>
</testsuite>
