<?xml version="1.0" encoding="UTF-8"?>
<testsuite name="com.telRan.addressbok.tests.AddContact" tests="1" skipped="0" failures="0" errors="0" timestamp="2018-11-11T19:10:07" hostname="vova" time="3.512">
  <properties/>
  <testcase name="testAddContact" classname="com.telRan.addressbok.tests.AddContact" time="3.512"/>
  <system-out><![CDATA[]]></system-out>
  <system-err><![CDATA[1541963407955	Marionette	DEBUG	[6442450945] Received DOM event beforeunload for http://localhost/addressbook/group.php
1541963408491	Marionette	DEBUG	[6442450945] Received DOM event pagehide for http://localhost/addressbook/group.php
1541963408492	Marionette	DEBUG	[6442450945] Received DOM event unload for http://localhost/addressbook/group.php
1541963408662	Marionette	DEBUG	[6442450945] Received DOM event DOMContentLoaded for http://localhost/addressbook/edit.php
1541963408816	Marionette	DEBUG	[6442450945] Received DOM event pageshow for http://localhost/addressbook/edit.php
1541963409106	Marionette	DEBUG	[6442450945] Canceled page load listener because no navigation has been detected
1541963409468	Marionette	DEBUG	[6442450945] Canceled page load listener because no navigation has been detected
1541963409830	Marionette	DEBUG	[6442450945] Canceled page load listener because no navigation has been detected
1541963410246	Marionette	DEBUG	[6442450945] Canceled page load listener because no navigation has been detected
1541963410672	Marionette	DEBUG	[6442450945] Canceled page load listener because no navigation has been detected
1541963410876	Marionette	DEBUG	[6442450945] Received DOM event beforeunload for http://localhost/addressbook/edit.php
1541963411081	Marionette	DEBUG	[6442450945] Received DOM event pagehide for http://localhost/addressbook/edit.php
1541963411086	Marionette	DEBUG	[6442450945] Received DOM event unload for http://localhost/addressbook/edit.php
1541963411195	Marionette	DEBUG	[6442450945] Received DOM event DOMContentLoaded for http://localhost/addressbook/edit.php
1541963411339	Marionette	DEBUG	[6442450945] Received DOM event pageshow for http://localhost/addressbook/edit.php
]]></system-err>
</testsuite>
