<?xml version="1.0" encoding="UTF-8"?>
<testsuite name="com.telRan.addressbok.tests.GroupDeletionTests" tests="1" skipped="1" failures="0" errors="0" timestamp="2018-11-08T18:40:52" hostname="vova" time="0.0">
  <properties/>
  <testcase name="testGroupDeletion" classname="com.telRan.addressbok.tests.GroupDeletionTests" time="0.0">
    <skipped/>
  </testcase>
  <system-out><![CDATA[]]></system-out>
  <system-err><![CDATA[]]></system-err>
</testsuite>
