<?xml version="1.0" encoding="UTF-8"?>
<testsuite name="com.telRan.addressbok.tests.ContactModificationTests" tests="1" skipped="0" failures="0" errors="0" timestamp="2018-11-11T18:53:03" hostname="vova" time="5.937">
  <properties/>
  <testcase name="testContactModification" classname="com.telRan.addressbok.tests.ContactModificationTests" time="5.937"/>
  <system-out><![CDATA[]]></system-out>
  <system-err><![CDATA[]]></system-err>
</testsuite>
