<?xml version="1.0" encoding="UTF-8"?>
<testsuite name="com.telRan.addressbok.tests.GroupDeletionTests" tests="1" skipped="0" failures="0" errors="0" timestamp="2018-10-31T12:51:22" hostname="vova" time="1.534">
  <properties/>
  <testcase name="testGroupDeletion" classname="com.telRan.addressbok.tests.GroupDeletionTests" time="1.534"/>
  <system-out><![CDATA[]]></system-out>
  <system-err><![CDATA[]]></system-err>
</testsuite>
