<?xml version="1.0" encoding="UTF-8"?>
<testsuite name="com.telRan.addressbok.tests.ContactModificationTests" tests="1" skipped="0" failures="0" errors="0" timestamp="2018-10-31T12:51:31" hostname="vova" time="4.022">
  <properties/>
  <testcase name="testContactModification" classname="com.telRan.addressbok.tests.ContactModificationTests" time="4.022"/>
  <system-out><![CDATA[]]></system-out>
  <system-err><![CDATA[]]></system-err>
</testsuite>
